<?xml version="1.0" encoding="UTF-8"?>
<!-- Generated by org.testng.reporters.JUnitXMLReporter -->
<testsuite hostname="lisabromark-VirtualBox" name="Surefire test" tests="13" failures="0" timestamp="20 Oct 2016 09:40:17 GMT" time="0.337" errors="0">
  <testcase name="testRun on testRun(se.nackademin.examination.examination_jacoco.GameTest)" time="0.033" classname="se.nackademin.examination.examination_jacoco.GameTest"/>
  <testcase name="testCalculateOutPutBasedOnGender on testCalculateOutPutBasedOnGender(se.nackademin.examination.examination_jacoco.GameTest)" time="0.001" classname="se.nackademin.examination.examination_jacoco.GameTest"/>
  <testcase name="testCalculateOutPutBasedOnHomeCity on testCalculateOutPutBasedOnHomeCity(se.nackademin.examination.examination_jacoco.GameTest)" time="0.001" classname="se.nackademin.examination.examination_jacoco.GameTest"/>
  <testcase name="testCalculateOutPutBasedOnAge on testCalculateOutPutBasedOnAge(se.nackademin.examination.examination_jacoco.GameTest)" time="0.005" classname="se.nackademin.examination.examination_jacoco.GameTest"/>
  <testcase name="testGetGenderFromInputValues on testGetGenderFromInputValues(se.nackademin.examination.examination_jacoco.GameTest)" time="0.0" classname="se.nackademin.examination.examination_jacoco.GameTest"/>
  <testcase name="testGetAgeFromInputValues on testGetAgeFromInputValues(se.nackademin.examination.examination_jacoco.GameTest)" time="0.001" classname="se.nackademin.examination.examination_jacoco.GameTest"/>
  <testcase name="testRunGame on testRunGame(se.nackademin.examination.examination_jacoco.GameTest)" time="0.002" classname="se.nackademin.examination.examination_jacoco.GameTest"/>
  <testcase name="testCalculateOutPutBasedOnNames on testCalculateOutPutBasedOnNames(se.nackademin.examination.examination_jacoco.GameTest)" time="0.0" classname="se.nackademin.examination.examination_jacoco.GameTest"/>
  <testcase name="testAgeGettersAndSettersMethods on testAgeGettersAndSettersMethods(se.nackademin.examination.examination_jacoco.ResultsFromInputsTest)" time="0.001" classname="se.nackademin.examination.examination_jacoco.ResultsFromInputsTest"/>
  <testcase name="testGetResultStringNamesAndAge on testGetResultStringNamesAndAge(se.nackademin.examination.examination_jacoco.DataAnalysisTest)" time="0.006" classname="se.nackademin.examination.examination_jacoco.DataAnalysisTest"/>
  <testcase name="testGetResulStringHomecityAndAge on testGetResulStringHomecityAndAge(se.nackademin.examination.examination_jacoco.DataAnalysisTest)" time="0.0" classname="se.nackademin.examination.examination_jacoco.DataAnalysisTest"/>
  <testcase name="testConversor on testConversor(se.nackademin.examination.examination_jacoco.ConversorTest)" time="0.012" classname="se.nackademin.examination.examination_jacoco.ConversorTest"/>
  <testcase name="testMainMethod on testMainMethod(se.nackademin.examination.examination_jacoco.MainTest)" time="0.001" classname="se.nackademin.examination.examination_jacoco.MainTest"/>
</testsuite> <!-- Surefire test -->
